C51 COMPILER V9.60.0.0   MAIN                                                              05/25/2023 23:59:42 PAGE 1   


C51 COMPILER V9.60.0.0, COMPILATION OF MODULE MAIN
OBJECT MODULE PLACED IN .\Objects\main.obj
COMPILER INVOKED BY: C:\Keil_v5\C51\BIN\C51.EXE main.c OPTIMIZE(8,SPEED) BROWSE DEBUG OBJECTEXTEND PRINT(.\Listings\main
                    -.lst) TABS(2) OBJECT(.\Objects\main.obj)

line level    source

   1          #include <REGX51.H>
   2          unsigned char data byData[10] _at_ 0x72; // 在数据存储器70H~79H空间开辟数组
   3          unsigned char data byCounter = 0;
   4          // 发送数据的计数器
   5          void main(void)
   6          {
   7   1          unsigned char data i;
   8   1          SP = 0x2F;
   9   1          // 设置栈底地址
  10   1          TMOD = 0x20;
  11   1          // T１作波特率发生器,采用定时器方式2
  12   1          TL1 = 0xFD;
  13   1          // TL１置初始值,设置波特率
  14   1          TH1 = 0xFD;
  15   1          // TH１置重装载值
  16   1          TR1 = 1;
  17   1          // T１启动工作
  18   1          SCON = 0x50;
  19   1          // 串口工作于方式1,允许接收数据
  20   1          PCON = PCON | 0x80;
  21   1          // SMOD置1,波特率倍增
  22   1          ES = 1;
  23   1          // 打开串口中断
  24   1          EA = 1;
  25   1          // 打开总中断
  26   1          for (i = 0; i < 10; i++)
  27   1          { // 在数据存储器70H~79H空间存放字符‘０’‘１’...‘９’的ASCII码
  28   2              byData[i] = '0' + i;
  29   2          }
  30   1          SBUF = byData[byCounter]; // 第一个数据放入发送缓冲区,启动发送
  31   1          byCounter++;
  32   1          // 发送数据的计数器自加1
  33   1          while (1)
  34   1          { // 主循环不做任何事情
  35   2              ;
  36   2          }
  37   1      }
  38          void UART(void) interrupt 4
  39          // 串口中断服务程序
  40          {
  41   1          if (TI == 1)
  42   1          { // 是发送中断
  43   2              TI = 0;
  44   2              // 清除发送中断标志位
  45   2              if (byCounter < 10)
  46   2              // 判断是否发送完10个数据
  47   2              {
  48   3                  SBUF = byData[byCounter]; // 继续发送数据
  49   3                  byCounter++;
  50   3                  // 发送数据的计数器自加1
  51   3              }
  52   2          }
  53   1          else
  54   1          { // 是接收中断
C51 COMPILER V9.60.0.0   MAIN                                                              05/25/2023 23:59:42 PAGE 2   

  55   2              RI = 0;
  56   2              // 清除接收中断标志位
  57   2              P1 = SBUF;
  58   2              // 将接收的数据在P1口显示,“0”亮灯,“1”灭灯
  59   2          }
  60   1      }


MODULE INFORMATION:   STATIC OVERLAYABLE
   CODE SIZE        =    110    ----
   CONSTANT SIZE    =   ----    ----
   XDATA SIZE       =   ----    ----
   PDATA SIZE       =   ----    ----
   DATA SIZE        =      1    ----
   IDATA SIZE       =   ----    ----
   BIT SIZE         =   ----    ----
END OF MODULE INFORMATION.


C51 COMPILATION COMPLETE.  0 WARNING(S),  0 ERROR(S)
