C51 COMPILER V9.60.0.0   MAIN                                                              05/18/2023 22:24:12 PAGE 1   


C51 COMPILER V9.60.0.0, COMPILATION OF MODULE MAIN
OBJECT MODULE PLACED IN .\Objects\main.obj
COMPILER INVOKED BY: C:\Keil_v5\C51\BIN\C51.EXE main.c OPTIMIZE(8,SPEED) BROWSE DEBUG OBJECTEXTEND PRINT(.\Listings\main
                    -.lst) TABS(2) OBJECT(.\Objects\main.obj)

line level    source

   1          #include<reg51.h>
   2          unsigned char code byTemp[3]_at_ 0x23;//使用SST单片机做仿真,占用串口
   3          unsigned char data byCounter;
   4          //定义中断计数器
   5          //存放LED灯状态的码表:逐个点亮８个LED,逐个熄灭８个LED,全亮、全灭
   6          unsigned char code byTable[]={0xFE,0xFC,0xF8,0xF0,0xE0,0xC0,0x80,0x00,0x01,
   7          0x03,0x07,0x0F,0x1F,0x3F,0x7F,0xFF,0x00,0xFF};
   8          void InitTimer1(void)
   9          {
  10   1      TMOD &= 0x0F;
  11   1      //定时器/计数器１置为定时方式１
  12   1      TH1=0xd1;
  13   1      //TH１装入时间常数
  14   1      TL1=0x20;
  15   1      //TL１装入时间常数
  16   1      ET1=1;
  17   1      //允许定时器/计数器１中断
  18   1      EA=1;
  19   1      //总中断允许
  20   1      TR1=1;
  21   1      //启动定时器/计数器１
  22   1      }
  23          
  24          void main(void)
  25          {
  26   1          unsigned char data i;
  27   1          unsigned char data byDisplayValue;
  28   1          byDisplayValue=byTable[0];
  29   1          i=0;
  30   1          byCounter=10;
  31   1          InitTimer1();
  32   1          for(;;)
  33   1          {
  34   2              P1=byDisplayValue;
  35   2              if(byCounter==0)
  36   2              {//为0,定时时间到
  37   3                  byCounter=10;
  38   3                  i++;
  39   3              if(i==sizeof(byTable))
  40   3              {
  41   4                  i= 0;
  42   4              }
  43   3              byDisplayValue=byTable[i];
  44   3              }
  45   2          }
  46   1      }
  47          void Timer1Interrupt(void) interrupt 1
  48          {
  49   1      TL1=0x20;
  50   1      TH1=0xd1;
  51   1      byCounter--;
  52   1      }


C51 COMPILER V9.60.0.0   MAIN                                                              05/18/2023 22:24:12 PAGE 2   

MODULE INFORMATION:   STATIC OVERLAYABLE
   CODE SIZE        =     63    ----
   CONSTANT SIZE    =     18    ----
   XDATA SIZE       =   ----    ----
   PDATA SIZE       =   ----    ----
   DATA SIZE        =      1    ----
   IDATA SIZE       =   ----    ----
   BIT SIZE         =   ----    ----
END OF MODULE INFORMATION.


C51 COMPILATION COMPLETE.  0 WARNING(S),  0 ERROR(S)
